cdo    setvals: Processed 1 variable over 18 timesteps [6.88s 201MB].
cdo    timmean: Processed 1 variable over 18 timesteps [2.90s 300MB].
cdo    timmax: Processed 1 variable over 18 timesteps [3.36s 301MB].
cdo    sub: Processed 2 variables over 2 timesteps [0.56s 304MB].
cdo    remapbil: Bilinear remapping from lonlat (3600x1800) to lonlat (86400x43200) grid
cdo    remapbil: Processed 1 variable over 1 timestep [790.33s 83GB].
cdo    mul: Processed 2 variables over 2 timesteps [282.42s 69GB].
cdo    remapbil: Bilinear remapping from lonlat (3600x1800) to lonlat (86400x43200) grid
cdo    remapbil: Processed 1 variable over 1 timestep [889.09s 83GB].
cdo    mul: Processed 2 variables over 2 timesteps [245.75s 69GB].
cdo    remapbil: Bilinear remapping from lonlat (3600x1800) to lonlat (86400x43200) grid
cdo    remapbil: Processed 1 variable over 1 timestep [806.73s 83GB].
cdo    mul: Processed 2 variables over 2 timesteps [255.36s 69GB].
cdo    setvals: Processed 1 variable over 1 timestep [0.45s 152MB].
cdo    remapbil: Bilinear remapping from lonlat (3600x1800) to lonlat (86400x43200) grid
cdo    remapbil: Processed 1 variable over 1 timestep [812.06s 83GB].
cdo    mul: Processed 2 variables over 2 timesteps [215.16s 69GB].
cdo    setvals: Processed 1 variable over 1 timestep [0.47s 151MB].
cdo    remapbil: Bilinear remapping from lonlat (3600x1800) to lonlat (86400x43200) grid
cdo    remapbil: Processed 1 variable over 1 timestep [946.92s 83GB].
cdo    mul: Processed 2 variables over 2 timesteps [233.55s 69GB].
cdo    setvals: Processed 1 variable over 1 timestep [0.43s 151MB].
cdo    remapbil: Bilinear remapping from lonlat (3600x1800) to lonlat (86400x43200) grid
cdo    remapbil: Processed 1 variable over 1 timestep [791.20s 83GB].
cdo    mul: Processed 2 variables over 2 timesteps [236.68s 69GB].
cdo    setvals: Processed 1 variable over 1 timestep [0.43s 151MB].
cdo    remapbil: Bilinear remapping from lonlat (3600x1800) to lonlat (86400x43200) grid
cdo    remapbil: Processed 1 variable over 1 timestep [978.83s 83GB].
cdo    mul: Processed 2 variables over 2 timesteps [219.87s 69GB].
cdo    setvals: Processed 1 variable over 18 timesteps [5.49s 201MB].
cdo    timmean: Processed 1 variable over 18 timesteps [2.48s 300MB].
cdo    timmax: Processed 1 variable over 18 timesteps [2.60s 300MB].
cdo    sub: Processed 2 variables over 2 timesteps [0.50s 303MB].
cdo    remapbil: Bilinear remapping from lonlat (3600x1800) to lonlat (86400x43200) grid
cdo    remapbil: Processed 1 variable over 1 timestep [806.86s 83GB].
cdo    mul: Processed 2 variables over 2 timesteps [242.72s 69GB].
cdo    remapbil: Bilinear remapping from lonlat (3600x1800) to lonlat (86400x43200) grid
cdo    remapbil: Processed 1 variable over 1 timestep [886.18s 83GB].
cdo    mul: Processed 2 variables over 2 timesteps [238.14s 69GB].
cdo    remapbil: Bilinear remapping from lonlat (3600x1800) to lonlat (86400x43200) grid
cdo    remapbil: Processed 1 variable over 1 timestep [1002.57s 83GB].
cdo    mul: Processed 2 variables over 2 timesteps [256.21s 69GB].
cdo    setvals: Processed 1 variable over 18 timesteps [5.79s 201MB].
cdo    timmean: Processed 1 variable over 18 timesteps [2.49s 300MB].
cdo    timmax: Processed 1 variable over 18 timesteps [2.59s 300MB].
cdo    sub: Processed 2 variables over 2 timesteps [0.48s 303MB].
cdo    remapbil: Bilinear remapping from lonlat (3600x1800) to lonlat (86400x43200) grid
cdo    remapbil: Processed 1 variable over 1 timestep [787.75s 83GB].
cdo    mul: Processed 2 variables over 2 timesteps [185.98s 69GB].
cdo    remapbil: Bilinear remapping from lonlat (3600x1800) to lonlat (86400x43200) grid
cdo    remapbil: Processed 1 variable over 1 timestep [898.74s 83GB].
cdo    mul: Processed 2 variables over 2 timesteps [298.22s 69GB].
cdo    remapbil: Bilinear remapping from lonlat (3600x1800) to lonlat (86400x43200) grid
cdo    remapbil: Processed 1 variable over 1 timestep [837.05s 83GB].
cdo    mul: Processed 2 variables over 2 timesteps [241.40s 69GB].
